C:\USERS\OLIVETTI\DOCUMENTS\VISUAL STUDIO 2012\PROJECTS\RUN BALL RUN\RUN BALL RUN\DEBUG\APP.OBJ
C:\USERS\OLIVETTI\DOCUMENTS\VISUAL STUDIO 2012\PROJECTS\RUN BALL RUN\RUN BALL RUN\DEBUG\CORDINADOR.OBJ
C:\USERS\OLIVETTI\DOCUMENTS\VISUAL STUDIO 2012\PROJECTS\RUN BALL RUN\RUN BALL RUN\DEBUG\ESCENARIO.OBJ
C:\USERS\OLIVETTI\DOCUMENTS\VISUAL STUDIO 2012\PROJECTS\RUN BALL RUN\RUN BALL RUN\DEBUG\FPSVIEW.OBJ
C:\USERS\OLIVETTI\DOCUMENTS\VISUAL STUDIO 2012\PROJECTS\RUN BALL RUN\RUN BALL RUN\DEBUG\SPRITE.OBJ
C:\USERS\OLIVETTI\DOCUMENTS\VISUAL STUDIO 2012\PROJECTS\RUN BALL RUN\RUN BALL RUN\DEBUG\ESCENAJUEGO.OBJ
C:\USERS\OLIVETTI\DOCUMENTS\VISUAL STUDIO 2012\PROJECTS\RUN BALL RUN\RUN BALL RUN\DEBUG\JUGADOR.OBJ
C:\USERS\OLIVETTI\DOCUMENTS\VISUAL STUDIO 2012\PROJECTS\RUN BALL RUN\RUN BALL RUN\DEBUG\PLATAFORMA.OBJ
C:\USERS\OLIVETTI\DOCUMENTS\VISUAL STUDIO 2012\PROJECTS\RUN BALL RUN\RUN BALL RUN\DEBUG\PLATAFORMAS.OBJ
C:\USERS\OLIVETTI\DOCUMENTS\VISUAL STUDIO 2012\PROJECTS\RUN BALL RUN\RUN BALL RUN\DEBUG\ESCENARIOMENUPRINCIPAL.OBJ
C:\USERS\OLIVETTI\DOCUMENTS\VISUAL STUDIO 2012\PROJECTS\RUN BALL RUN\RUN BALL RUN\DEBUG\ITEMSMENU.OBJ
C:\USERS\OLIVETTI\DOCUMENTS\VISUAL STUDIO 2012\PROJECTS\RUN BALL RUN\RUN BALL RUN\DEBUG\ESCENASALIR.OBJ
C:\USERS\OLIVETTI\DOCUMENTS\VISUAL STUDIO 2012\PROJECTS\RUN BALL RUN\RUN BALL RUN\DEBUG\MAIN.OBJ
C:\USERS\OLIVETTI\DOCUMENTS\VISUAL STUDIO 2012\PROJECTS\RUN BALL RUN\RUN BALL RUN\DEBUG\VC110.PDB
C:\Users\Olivetti\Documents\Visual Studio 2012\Projects\Run Ball Run\Run Ball Run\Debug\App.obj
C:\Users\Olivetti\Documents\Visual Studio 2012\Projects\Run Ball Run\Run Ball Run\Debug\Cordinador.obj
C:\Users\Olivetti\Documents\Visual Studio 2012\Projects\Run Ball Run\Run Ball Run\Debug\EscenaJuego.obj
C:\Users\Olivetti\Documents\Visual Studio 2012\Projects\Run Ball Run\Run Ball Run\Debug\Escenario.obj
C:\Users\Olivetti\Documents\Visual Studio 2012\Projects\Run Ball Run\Run Ball Run\Debug\EscenarioMenuPrincipal.obj
C:\Users\Olivetti\Documents\Visual Studio 2012\Projects\Run Ball Run\Run Ball Run\Debug\EscenaSalir.obj
C:\Users\Olivetti\Documents\Visual Studio 2012\Projects\Run Ball Run\Run Ball Run\Debug\fpsView.obj
C:\Users\Olivetti\Documents\Visual Studio 2012\Projects\Run Ball Run\Run Ball Run\Debug\ItemsMenu.obj
C:\Users\Olivetti\Documents\Visual Studio 2012\Projects\Run Ball Run\Run Ball Run\Debug\Jugador.obj
C:\Users\Olivetti\Documents\Visual Studio 2012\Projects\Run Ball Run\Run Ball Run\Debug\main.obj
C:\Users\Olivetti\Documents\Visual Studio 2012\Projects\Run Ball Run\Run Ball Run\Debug\Plataforma.obj
C:\Users\Olivetti\Documents\Visual Studio 2012\Projects\Run Ball Run\Run Ball Run\Debug\Plataformas.obj
C:\Users\Olivetti\Documents\Visual Studio 2012\Projects\Run Ball Run\Run Ball Run\Debug\Sprite.obj
C:\Users\Olivetti\Documents\Visual Studio 2012\Projects\Run Ball Run\Run Ball Run\Debug\cl.command.1.tlog
C:\Users\Olivetti\Documents\Visual Studio 2012\Projects\Run Ball Run\Run Ball Run\Debug\CL.read.1.tlog
C:\Users\Olivetti\Documents\Visual Studio 2012\Projects\Run Ball Run\Run Ball Run\Debug\CL.write.1.tlog
C:\Users\Olivetti\Documents\Visual Studio 2012\Projects\Run Ball Run\Run Ball Run\Debug\vc110.idb
C:\Users\Olivetti\Documents\Visual Studio 2012\Projects\Run Ball Run\Run Ball Run\Debug\vc110.pdb
